0 info it worked if it ends with ok
1 verbose cli [ '/usr/local/Cellar/node/6.2.0/bin/node',
1 verbose cli   '/usr/local/bin/npm',
1 verbose cli   'install',
1 verbose cli   'https://github.com/ckools/react-native.git' ]
2 info using npm@3.8.9
3 info using node@v6.2.0
4 silly loadCurrentTree Starting
5 silly install loadCurrentTree
6 silly install readLocalPackageData
7 silly fetchPackageMetaData https://github.com/ckools/react-native.git
8 silly fetchOtherPackageData https://github.com/ckools/react-native.git
9 silly cache add args [ 'https://github.com/ckools/react-native.git', null ]
10 verbose cache add spec https://github.com/ckools/react-native.git
11 silly cache add parsed spec Result {
11 silly cache add   raw: 'https://github.com/ckools/react-native.git',
11 silly cache add   scope: null,
11 silly cache add   name: null,
11 silly cache add   rawSpec: 'https://github.com/ckools/react-native.git',
11 silly cache add   spec: 'git+https://github.com/ckools/react-native.git',
11 silly cache add   type: 'hosted',
11 silly cache add   hosted:
11 silly cache add    { type: 'github',
11 silly cache add      ssh: 'git@github.com:ckools/react-native.git',
11 silly cache add      sshUrl: 'git+ssh://git@github.com/ckools/react-native.git',
11 silly cache add      httpsUrl: 'git+https://github.com/ckools/react-native.git',
11 silly cache add      gitUrl: 'git://github.com/ckools/react-native.git',
11 silly cache add      shortcut: 'github:ckools/react-native',
11 silly cache add      directUrl: 'https://raw.githubusercontent.com/ckools/react-native/master/package.json' } }
12 verbose addRemoteGit caching https://github.com/ckools/react-native.git
13 verbose addRemoteGit git+https://github.com/ckools/react-native.git is a repository hosted by github
14 silly tryClone cloning git+https://github.com/ckools/react-native.git via git+https://github.com/ckools/react-native.git
15 verbose tryClone git-https-github-com-ckools-react-native-git-179d9a22 not in flight; caching
16 verbose correctMkdir /Users/apple/.npm/_git-remotes correctMkdir not in flight; initializing
17 info git [ 'clone',
17 info git   '--template=/Users/apple/.npm/_git-remotes/_templates',
17 info git   '--mirror',
17 info git   'https://github.com/ckools/react-native.git',
17 info git   '/Users/apple/.npm/_git-remotes/git-https-github-com-ckools-react-native-git-179d9a22' ]
18 error git clone --template=/Users/apple/.npm/_git-remotes/_templates --mirror https://github.com/ckools/react-native.git /Users/apple/.npm/_git-remotes/git-https-github-com-ckools-react-native-git-179d9a22: Cloning into bare repository '/Users/apple/.npm/_git-remotes/git-https-github-com-ckools-react-native-git-179d9a22'...
18 error git clone --template=/Users/apple/.npm/_git-remotes/_templates --mirror https://github.com/ckools/react-native.git /Users/apple/.npm/_git-remotes/git-https-github-com-ckools-react-native-git-179d9a22: error: RPC failed; curl 56 SSLRead() return error -9806
18 error git clone --template=/Users/apple/.npm/_git-remotes/_templates --mirror https://github.com/ckools/react-native.git /Users/apple/.npm/_git-remotes/git-https-github-com-ckools-react-native-git-179d9a22: fatal: The remote end hung up unexpectedly
18 error git clone --template=/Users/apple/.npm/_git-remotes/_templates --mirror https://github.com/ckools/react-native.git /Users/apple/.npm/_git-remotes/git-https-github-com-ckools-react-native-git-179d9a22: fatal: early EOF
18 error git clone --template=/Users/apple/.npm/_git-remotes/_templates --mirror https://github.com/ckools/react-native.git /Users/apple/.npm/_git-remotes/git-https-github-com-ckools-react-native-git-179d9a22: fatal: index-pack failed
19 silly fetchPackageMetaData Error: Command failed: git clone --template=/Users/apple/.npm/_git-remotes/_templates --mirror https://github.com/ckools/react-native.git /Users/apple/.npm/_git-remotes/git-https-github-com-ckools-react-native-git-179d9a22
19 silly fetchPackageMetaData Cloning into bare repository '/Users/apple/.npm/_git-remotes/git-https-github-com-ckools-react-native-git-179d9a22'...
19 silly fetchPackageMetaData error: RPC failed; curl 56 SSLRead() return error -9806
19 silly fetchPackageMetaData fatal: The remote end hung up unexpectedly
19 silly fetchPackageMetaData fatal: early EOF
19 silly fetchPackageMetaData fatal: index-pack failed
19 silly fetchPackageMetaData
19 silly fetchPackageMetaData     at ChildProcess.exithandler (child_process.js:202:12)
19 silly fetchPackageMetaData     at emitTwo (events.js:106:13)
19 silly fetchPackageMetaData     at ChildProcess.emit (events.js:191:7)
19 silly fetchPackageMetaData     at maybeClose (internal/child_process.js:850:16)
19 silly fetchPackageMetaData     at Socket.<anonymous> (internal/child_process.js:323:11)
19 silly fetchPackageMetaData     at emitOne (events.js:96:13)
19 silly fetchPackageMetaData     at Socket.emit (events.js:188:7)
19 silly fetchPackageMetaData     at Pipe._handle.close [as _onclose] (net.js:492:12)
19 silly fetchPackageMetaData  error for https://github.com/ckools/react-native.git { Error: Command failed: git clone --template=/Users/apple/.npm/_git-remotes/_templates --mirror https://github.com/ckools/react-native.git /Users/apple/.npm/_git-remotes/git-https-github-com-ckools-react-native-git-179d9a22
19 silly fetchPackageMetaData Cloning into bare repository '/Users/apple/.npm/_git-remotes/git-https-github-com-ckools-react-native-git-179d9a22'...
19 silly fetchPackageMetaData error: RPC failed; curl 56 SSLRead() return error -9806
19 silly fetchPackageMetaData fatal: The remote end hung up unexpectedly
19 silly fetchPackageMetaData fatal: early EOF
19 silly fetchPackageMetaData fatal: index-pack failed
19 silly fetchPackageMetaData
19 silly fetchPackageMetaData     at ChildProcess.exithandler (child_process.js:202:12)
19 silly fetchPackageMetaData     at emitTwo (events.js:106:13)
19 silly fetchPackageMetaData     at ChildProcess.emit (events.js:191:7)
19 silly fetchPackageMetaData     at maybeClose (internal/child_process.js:850:16)
19 silly fetchPackageMetaData     at Socket.<anonymous> (internal/child_process.js:323:11)
19 silly fetchPackageMetaData     at emitOne (events.js:96:13)
19 silly fetchPackageMetaData     at Socket.emit (events.js:188:7)
19 silly fetchPackageMetaData     at Pipe._handle.close [as _onclose] (net.js:492:12)
19 silly fetchPackageMetaData   killed: false,
19 silly fetchPackageMetaData   code: 128,
19 silly fetchPackageMetaData   signal: null,
19 silly fetchPackageMetaData   cmd: 'git clone --template=/Users/apple/.npm/_git-remotes/_templates --mirror https://github.com/ckools/react-native.git /Users/apple/.npm/_git-remotes/git-https-github-com-ckools-react-native-git-179d9a22' }
20 silly rollbackFailedOptional Starting
21 silly rollbackFailedOptional Finishing
22 silly runTopLevelLifecycles Starting
23 silly runTopLevelLifecycles Finishing
24 silly install printInstalled
25 verbose stack Error: Command failed: git clone --template=/Users/apple/.npm/_git-remotes/_templates --mirror https://github.com/ckools/react-native.git /Users/apple/.npm/_git-remotes/git-https-github-com-ckools-react-native-git-179d9a22
25 verbose stack Cloning into bare repository '/Users/apple/.npm/_git-remotes/git-https-github-com-ckools-react-native-git-179d9a22'...
25 verbose stack error: RPC failed; curl 56 SSLRead() return error -9806
25 verbose stack fatal: The remote end hung up unexpectedly
25 verbose stack fatal: early EOF
25 verbose stack fatal: index-pack failed
25 verbose stack
25 verbose stack     at ChildProcess.exithandler (child_process.js:202:12)
25 verbose stack     at emitTwo (events.js:106:13)
25 verbose stack     at ChildProcess.emit (events.js:191:7)
25 verbose stack     at maybeClose (internal/child_process.js:850:16)
25 verbose stack     at Socket.<anonymous> (internal/child_process.js:323:11)
25 verbose stack     at emitOne (events.js:96:13)
25 verbose stack     at Socket.emit (events.js:188:7)
25 verbose stack     at Pipe._handle.close [as _onclose] (net.js:492:12)
26 verbose cwd /Users/apple/Documents/project3/xmdd_ios
27 error Darwin 15.6.0
28 error argv "/usr/local/Cellar/node/6.2.0/bin/node" "/usr/local/bin/npm" "install" "https://github.com/ckools/react-native.git"
29 error node v6.2.0
30 error npm  v3.8.9
31 error code 128
32 error Command failed: git clone --template=/Users/apple/.npm/_git-remotes/_templates --mirror https://github.com/ckools/react-native.git /Users/apple/.npm/_git-remotes/git-https-github-com-ckools-react-native-git-179d9a22
32 error Cloning into bare repository '/Users/apple/.npm/_git-remotes/git-https-github-com-ckools-react-native-git-179d9a22'...
32 error error: RPC failed; curl 56 SSLRead() return error -9806
32 error fatal: The remote end hung up unexpectedly
32 error fatal: early EOF
32 error fatal: index-pack failed
33 error If you need help, you may report this error at:
33 error     <https://github.com/npm/npm/issues>
34 verbose exit [ 1, true ]
